Log file open, 02/01/20 13:44:09
LogWindows: Failed to load 'aqProf.dll' (GetLastError=126)
LogWindows: File 'aqProf.dll' does not exist
LogWindows: Failed to load 'VtuneApi.dll' (GetLastError=126)
LogWindows: File 'VtuneApi.dll' does not exist
LogWindows: Failed to load 'VtuneApi32e.dll' (GetLastError=126)
LogWindows: File 'VtuneApi32e.dll' does not exist
LogConsoleResponse: Display: Failed to find resolution value strings in scalability ini. Falling back to default.
LogInit: Display: Running engine for game: GameJam2020
LogPakFile: Registered encryption key '00000000000000000000000000000000': 0 pak files mounted, 0 remain pending
LogPlatformFile: Not using cached read wrapper
LogTaskGraph: Started task graph with 5 named threads and 23 total threads with 3 sets of task threads.
LogStats: Stats thread started at 0.280615
LogD3D11RHI: Loaded GFSDK_Aftermath_Lib.x64.dll
LogICUInternationalization: ICU TimeZone Detection - Raw Offset: +3:00, Platform Override: ''
LogPluginManager: Mounting plugin Paper2D
LogPluginManager: Mounting plugin AISupport
LogPluginManager: Mounting plugin LightPropagationVolume
LogPluginManager: Mounting plugin ActorLayerUtilities
LogPluginManager: Mounting plugin CLionSourceCodeAccess
LogPluginManager: Mounting plugin CodeLiteSourceCodeAccess
LogPluginManager: Mounting plugin GitSourceControl
LogPluginManager: Mounting plugin KDevelopSourceCodeAccess
LogPluginManager: Mounting plugin NullSourceCodeAccess
LogPluginManager: Mounting plugin PerforceSourceControl
LogPluginManager: Mounting plugin SubversionSourceControl
LogPluginManager: Mounting plugin UObjectPlugin
LogPluginManager: Mounting plugin VisualStudioCodeSourceCodeAccess
LogPluginManager: Mounting plugin VisualStudioSourceCodeAccess
LogPluginManager: Mounting plugin XCodeSourceCodeAccess
LogPluginManager: Mounting plugin AssetManagerEditor
LogPluginManager: Mounting plugin CryptoKeys
LogPluginManager: Mounting plugin DataValidation
LogPluginManager: Mounting plugin FacialAnimation
LogPluginManager: Mounting plugin GameplayTagsEditor
LogPluginManager: Mounting plugin MacGraphicsSwitching
LogPluginManager: Mounting plugin MeshEditor
LogPluginManager: Mounting plugin MobileLauncherProfileWizard
LogPluginManager: Mounting plugin PluginBrowser
LogPluginManager: Mounting plugin SpeedTreeImporter
LogPluginManager: Mounting plugin DatasmithContent
LogPluginManager: Mounting plugin VariantManagerContent
LogPluginManager: Mounting plugin AlembicImporter
LogPluginManager: Mounting plugin AppleImageUtils
LogPluginManager: Mounting plugin AppleVision
LogPluginManager: Mounting plugin BackChannel
LogPluginManager: Mounting plugin CharacterAI
LogPluginManager: Mounting plugin GeometryCache
LogPluginManager: Mounting plugin HTML5Networking
LogPluginManager: Mounting plugin ProxyLODPlugin
LogPluginManager: Mounting plugin MagicLeap
LogPluginManager: Mounting plugin MagicLeapMedia
LogPluginManager: Mounting plugin AndroidMedia
LogPluginManager: Mounting plugin AvfMedia
LogPluginManager: Mounting plugin ImgMedia
LogPluginManager: Mounting plugin LinearTimecode
LogPluginManager: Mounting plugin MediaCompositing
LogPluginManager: Mounting plugin MediaPlayerEditor
LogPluginManager: Mounting plugin WebMMedia
LogPluginManager: Mounting plugin WmfMedia
LogPluginManager: Mounting plugin TcpMessaging
LogPluginManager: Mounting plugin UdpMessaging
LogPluginManager: Mounting plugin ActorSequence
LogPluginManager: Mounting plugin LevelSequenceEditor
LogPluginManager: Mounting plugin MatineeToLevelSequence
LogPluginManager: Mounting plugin NetcodeUnitTest
LogPluginManager: Mounting plugin NUTUnrealEngine4
LogPluginManager: Mounting plugin OnlineSubsystemGooglePlay
LogPluginManager: Mounting plugin OnlineSubsystemIOS
LogPluginManager: Mounting plugin OnlineSubsystem
LogPluginManager: Mounting plugin OnlineSubsystemNull
LogPluginManager: Mounting plugin OnlineSubsystemUtils
LogPluginManager: Mounting plugin LauncherChunkInstaller
LogPluginManager: Mounting plugin AndroidDeviceProfileSelector
LogPluginManager: Mounting plugin AndroidMoviePlayer
LogPluginManager: Mounting plugin AndroidPermission
LogPluginManager: Mounting plugin AppleMoviePlayer
LogPluginManager: Mounting plugin ArchVisCharacter
LogPluginManager: Mounting plugin AudioCapture
LogPluginManager: Mounting plugin CableComponent
LogPluginManager: Mounting plugin CustomMeshComponent
LogPluginManager: Mounting plugin EditableMesh
LogPluginManager: Mounting plugin ExampleDeviceProfileSelector
LogPluginManager: Mounting plugin Firebase
LogPluginManager: Mounting plugin GoogleCloudMessaging
LogPluginManager: Mounting plugin IOSDeviceProfileSelector
LogPluginManager: Mounting plugin LinuxDeviceProfileSelector
LogPluginManager: Mounting plugin LocationServicesBPLibrary
LogPluginManager: Mounting plugin MobilePatchingUtils
LogPluginManager: Mounting plugin OculusVR
LogPluginManager: Mounting plugin PhysXVehicles
LogPluginManager: Mounting plugin ProceduralMeshComponent
LogPluginManager: Mounting plugin RuntimePhysXCooking
LogPluginManager: Mounting plugin SteamVR
LogPluginManager: Mounting plugin WebMMoviePlayer
LogPluginManager: Mounting plugin WindowsMoviePlayer
LogStreaming: Display: Took  0.072s to configure plugins.
LogInit: Using libcurl 7.55.1-DEV
LogInit:  - built for x86_64-pc-win32
LogInit:  - supports SSL with OpenSSL/1.0.2h
LogInit:  - supports HTTP deflate (compression) using libz 1.2.8
LogInit:  - other features:
LogInit:      CURL_VERSION_SSL
LogInit:      CURL_VERSION_LIBZ
LogInit:      CURL_VERSION_IPV6
LogInit:      CURL_VERSION_ASYNCHDNS
LogInit:      CURL_VERSION_LARGEFILE
LogInit:      CURL_VERSION_IDN
LogInit:  CurlRequestOptions (configurable via config and command line):
LogInit:  - bVerifyPeer = true  - Libcurl will verify peer certificate
LogInit:  - bUseHttpProxy = false  - Libcurl will NOT use HTTP proxy
LogInit:  - bDontReuseConnections = false  - Libcurl will reuse connections
LogInit:  - MaxHostConnections = 16  - Libcurl will limit the number of connections to a host
LogInit:  - LocalHostAddr = Default
LogInit:  - BufferSize = 65536
LogInit: WinSock: version 1.1 (2.2), MaxSocks=32767, MaxUdp=65467
LogInit: Build: ++UE4+Release-4.21-CL-4753647
LogInit: Engine Version: 4.21.2-4753647+++UE4+Release-4.21
LogInit: Compatible Engine Version: 4.21.0-4541578+++UE4+Release-4.21
LogInit: Net CL: 4541578
LogInit: OS: Windows 8.1 (), CPU: Intel(R) Core(TM) i7-4720HQ CPU @ 2.60GHz, GPU: Intel(R) HD Graphics 4600
LogInit: Compiled (64-bit): Jan 19 2019 02:07:31
LogInit: Compiled with Visual C++: 19.13.26129.00
LogInit: Build Configuration: Development
LogInit: Branch Name: ++UE4+Release-4.21
LogInit: Command Line: 
LogInit: Base Directory: C:/Program Files/Epic Games/UE_4.21/Engine/Binaries/Win64/
LogInit: Installed Engine Build: 1
LogDevObjectVersion: Number of dev versions registered: 22
LogDevObjectVersion:   Dev-Blueprints (B0D832E4-1F89-4F0D-ACCF-7EB736FD4AA2): 10
LogDevObjectVersion:   Dev-Build (E1C64328-A22C-4D53-A36C-8E866417BD8C): 0
LogDevObjectVersion:   Dev-Core (375EC13C-06E4-48FB-B500-84F0262A717E): 2
LogDevObjectVersion:   Dev-Editor (E4B068ED-F494-42E9-A231-DA0B2E46BB41): 26
LogDevObjectVersion:   Dev-Framework (CFFC743F-43B0-4480-9391-14DF171D2073): 34
LogDevObjectVersion:   Dev-Mobile (B02B49B5-BB20-44E9-A304-32B752E40360): 2
LogDevObjectVersion:   Dev-Networking (A4E4105C-59A1-49B5-A7C5-40C4547EDFEE): 0
LogDevObjectVersion:   Dev-Online (39C831C9-5AE6-47DC-9A44-9C173E1C8E7C): 0
LogDevObjectVersion:   Dev-Physics (78F01B33-EBEA-4F98-B9B4-84EACCB95AA2): 0
LogDevObjectVersion:   Dev-Platform (6631380F-2D4D-43E0-8009-CF276956A95A): 0
LogDevObjectVersion:   Dev-Rendering (12F88B9F-8875-4AFC-A67C-D90C383ABD29): 27
LogDevObjectVersion:   Dev-Sequencer (7B5AE74C-D270-4C10-A958-57980B212A5A): 9
LogDevObjectVersion:   Dev-VR (D7296918-1DD6-4BDD-9DE2-64A83CC13884): 2
LogDevObjectVersion:   Dev-LoadTimes (C2A15278-BFE7-4AFE-6C17-90FF531DF755): 1
LogDevObjectVersion:   Private-Geometry (6EACA3D4-40EC-4CC1-B786-8BED09428FC5): 3
LogDevObjectVersion:   Dev-AnimPhys (29E575DD-E0A3-4627-9D10-D276232CDCEA): 17
LogDevObjectVersion:   Dev-Anim (AF43A65D-7FD3-4947-9873-3E8ED9C1BB05): 2
LogDevObjectVersion:   Dev-ReflectionCapture (6B266CEC-1EC7-4B8F-A30B-E4D90942FC07): 1
LogDevObjectVersion:   Dev-Automation (0DF73D61-A23F-47EA-B727-89E90C41499A): 1
LogDevObjectVersion:   FortniteMain (601D1886-AC64-4F84-AA16-D3DE0DEAC7D6): 17
LogDevObjectVersion:   Dev-Enterprise (9DFFBCD6-494F-0158-E221-12823C92A888): 4
LogDevObjectVersion:   Dev-Niagara (F2AED0AC-9AFE-416F-8664-AA7FFA26D6FC): 1
LogStreaming: Display: Took  0.001s to delete old logs.
LogInit: Presizing for max 8388607 objects, including 0 objects not considered by GC, pre-allocating 0 bytes for permanent pool.
LogInit: Object subsystem initialized
LogConfig: Setting CVar [[con.DebugEarlyDefault:1]]
LogConfig: Setting CVar [[r.setres:1280x720]]
[2020.02.01-10.44.10:071][  0]LogConfig: Setting CVar [[r.VSync:0]]
[2020.02.01-10.44.10:071][  0]LogConfig: Setting CVar [[r.RHICmdBypass:0]]
[2020.02.01-10.44.10:071][  0]LogConfig: Applying CVar settings from Section [/Script/Engine.RendererSettings] File [C:/Users/marty_000/Desktop/beis-reip-team2/GameJam2020/Saved/Config/Windows/Engine.ini]
[2020.02.01-10.44.10:071][  0]LogConfig: Setting CVar [[r.GPUCrashDebugging:0]]
[2020.02.01-10.44.10:071][  0]LogConfig: Setting CVar [[r.MobileHDR:0]]
[2020.02.01-10.44.10:071][  0]LogConfig: Setting CVar [[r.Mobile.DisableVertexFog:1]]
[2020.02.01-10.44.10:071][  0]LogConfig: Setting CVar [[r.Shadow.CSM.MaxMobileCascades:2]]
[2020.02.01-10.44.10:071][  0]LogConfig: Setting CVar [[r.MobileMSAA:1]]
[2020.02.01-10.44.10:071][  0]LogConfig: Setting CVar [[r.Mobile.UseLegacyShadingModel:0]]
[2020.02.01-10.44.10:072][  0]LogConfig: Setting CVar [[r.Mobile.AllowDitheredLODTransition:0]]
[2020.02.01-10.44.10:072][  0]LogConfig: Setting CVar [[r.Mobile.AllowSoftwareOcclusion:0]]
[2020.02.01-10.44.10:072][  0]LogConfig: Setting CVar [[r.DiscardUnusedQuality:0]]
[2020.02.01-10.44.10:072][  0]LogConfig: Setting CVar [[r.AllowOcclusionQueries:1]]
[2020.02.01-10.44.10:072][  0]LogConfig: Setting CVar [[r.MinScreenRadiusForLights:0.030000]]
[2020.02.01-10.44.10:072][  0]LogConfig: Setting CVar [[r.MinScreenRadiusForDepthPrepass:0.030000]]
[2020.02.01-10.44.10:072][  0]LogConfig: Setting CVar [[r.MinScreenRadiusForCSMDepth:0.010000]]
[2020.02.01-10.44.10:072][  0]LogConfig: Setting CVar [[r.PrecomputedVisibilityWarning:0]]
[2020.02.01-10.44.10:072][  0]LogConfig: Setting CVar [[r.TextureStreaming:1]]
[2020.02.01-10.44.10:072][  0]LogConfig: Setting CVar [[Compat.UseDXT5NormalMaps:0]]
[2020.02.01-10.44.10:072][  0]LogConfig: Setting CVar [[r.ClearCoatNormal:0]]
[2020.02.01-10.44.10:072][  0]LogConfig: Setting CVar [[r.ReflectionCaptureResolution:128]]
[2020.02.01-10.44.10:072][  0]LogConfig: Setting CVar [[r.ReflectionEnvironmentLightmapMixBasedOnRoughness:1]]
[2020.02.01-10.44.10:072][  0]LogConfig: Setting CVar [[r.ForwardShading:0]]
[2020.02.01-10.44.10:072][  0]LogConfig: Setting CVar [[r.VertexFoggingForOpaque:1]]
[2020.02.01-10.44.10:072][  0]LogConfig: Setting CVar [[r.AllowStaticLighting:1]]
[2020.02.01-10.44.10:072][  0]LogConfig: Setting CVar [[r.NormalMapsForStaticLighting:0]]
[2020.02.01-10.44.10:072][  0]LogConfig: Setting CVar [[r.GenerateMeshDistanceFields:0]]
[2020.02.01-10.44.10:072][  0]LogConfig: Setting CVar [[r.DistanceFieldBuild.EightBit:0]]
[2020.02.01-10.44.10:072][  0]LogConfig: Setting CVar [[r.GenerateLandscapeGIData:0]]
[2020.02.01-10.44.10:072][  0]LogConfig: Setting CVar [[r.DistanceFieldBuild.Compress:0]]
[2020.02.01-10.44.10:072][  0]LogConfig: Setting CVar [[r.TessellationAdaptivePixelsPerTriangle:48.000000]]
[2020.02.01-10.44.10:072][  0]LogConfig: Setting CVar [[r.SeparateTranslucency:0]]
[2020.02.01-10.44.10:072][  0]LogConfig: Setting CVar [[r.TranslucentSortPolicy:0]]
[2020.02.01-10.44.10:072][  0]LogConfig: Setting CVar [[r.CustomDepth:1]]
[2020.02.01-10.44.10:072][  0]LogConfig: Setting CVar [[r.CustomDepthTemporalAAJitter:1]]
[2020.02.01-10.44.10:072][  0]LogConfig: Setting CVar [[r.PostProcessing.PropagateAlpha:0]]
[2020.02.01-10.44.10:072][  0]LogConfig: Setting CVar [[r.DOF.Algorithm:1]]
[2020.02.01-10.44.10:072][  0]LogConfig: Setting CVar [[r.DefaultFeature.Bloom:0]]
[2020.02.01-10.44.10:072][  0]LogConfig: Setting CVar [[r.DefaultFeature.AmbientOcclusion:0]]
[2020.02.01-10.44.10:072][  0]LogConfig: Setting CVar [[r.DefaultFeature.AmbientOcclusionStaticFraction:1]]
[2020.02.01-10.44.10:072][  0]LogConfig: Setting CVar [[r.DefaultFeature.AutoExposure:0]]
[2020.02.01-10.44.10:072][  0]LogConfig: Setting CVar [[r.DefaultFeature.AutoExposure.Method:0]]
[2020.02.01-10.44.10:072][  0]LogConfig: Setting CVar [[r.DefaultFeature.AutoExposure.ExtendDefaultLuminanceRange:0]]
[2020.02.01-10.44.10:072][  0]LogConfig: Setting CVar [[r.UsePreExposure:0]]
[2020.02.01-10.44.10:072][  0]LogConfig: Setting CVar [[r.DefaultFeature.MotionBlur:0]]
[2020.02.01-10.44.10:072][  0]LogConfig: Setting CVar [[r.DefaultFeature.LensFlare:0]]
[2020.02.01-10.44.10:072][  0]LogConfig: Setting CVar [[r.TemporalAA.Upsampling:0]]
[2020.02.01-10.44.10:072][  0]LogConfig: Setting CVar [[r.DefaultFeature.AntiAliasing:0]]
[2020.02.01-10.44.10:072][  0]LogConfig: Setting CVar [[r.DefaultFeature.LightUnits:1]]
[2020.02.01-10.44.10:072][  0]LogConfig: Setting CVar [[r.DefaultBackBufferPixelFormat:4]]
[2020.02.01-10.44.10:072][  0]LogConfig: Setting CVar [[r.Shadow.UnbuiltPreviewInGame:1]]
[2020.02.01-10.44.10:072][  0]LogConfig: Setting CVar [[r.StencilForLODDither:0]]
[2020.02.01-10.44.10:072][  0]LogConfig: Setting CVar [[r.EarlyZPass:3]]
[2020.02.01-10.44.10:072][  0]LogConfig: Setting CVar [[r.EarlyZPassMovable:1]]
[2020.02.01-10.44.10:072][  0]LogConfig: Setting CVar [[r.EarlyZPassOnlyMaterialMasking:0]]
[2020.02.01-10.44.10:072][  0]LogConfig: Setting CVar [[r.DBuffer:1]]
[2020.02.01-10.44.10:072][  0]LogConfig: Setting CVar [[r.ClearSceneMethod:1]]
[2020.02.01-10.44.10:072][  0]LogConfig: Setting CVar [[r.BasePassOutputsVelocity:0]]
[2020.02.01-10.44.10:072][  0]LogConfig: Setting CVar [[r.SelectiveBasePassOutputs:0]]
[2020.02.01-10.44.10:072][  0]LogConfig: Setting CVar [[fx.GPUSimulationTextureSizeX:1024]]
[2020.02.01-10.44.10:072][  0]LogConfig: Setting CVar [[fx.GPUSimulationTextureSizeY:1024]]
[2020.02.01-10.44.10:072][  0]LogConfig: Setting CVar [[r.AllowGlobalClipPlane:0]]
[2020.02.01-10.44.10:072][  0]LogConfig: Setting CVar [[r.GBufferFormat:1]]
[2020.02.01-10.44.10:072][  0]LogConfig: Setting CVar [[r.MorphTarget.Mode:1]]
[2020.02.01-10.44.10:072][  0]LogConfig: Setting CVar [[vr.InstancedStereo:0]]
[2020.02.01-10.44.10:072][  0]LogConfig: Setting CVar [[vr.MultiView:0]]
[2020.02.01-10.44.10:072][  0]LogConfig: Setting CVar [[vr.MobileMultiView:0]]
[2020.02.01-10.44.10:072][  0]LogConfig: Setting CVar [[vr.MobileMultiView.Direct:0]]
[2020.02.01-10.44.10:072][  0]LogConfig: Setting CVar [[vr.MonoscopicFarField:0]]
[2020.02.01-10.44.10:072][  0]LogConfig: Setting CVar [[vr.RoundRobinOcclusion:0]]
[2020.02.01-10.44.10:072][  0]LogConfig: Setting CVar [[vr.ODSCapture:0]]
[2020.02.01-10.44.10:072][  0]LogConfig: Setting CVar [[r.WireframeCullThreshold:5.000000]]
[2020.02.01-10.44.10:072][  0]LogConfig: Setting CVar [[r.SupportStationarySkylight:1]]
[2020.02.01-10.44.10:072][  0]LogConfig: Setting CVar [[r.SupportLowQualityLightmaps:1]]
[2020.02.01-10.44.10:072][  0]LogConfig: Setting CVar [[r.SupportPointLightWholeSceneShadows:1]]
[2020.02.01-10.44.10:072][  0]LogConfig: Setting CVar [[r.SupportAtmosphericFog:1]]
[2020.02.01-10.44.10:072][  0]LogConfig: Setting CVar [[r.SkinCache.CompileShaders:0]]
[2020.02.01-10.44.10:072][  0]LogConfig: Setting CVar [[r.Mobile.EnableStaticAndCSMShadowReceivers:1]]
[2020.02.01-10.44.10:072][  0]LogConfig: Setting CVar [[r.Mobile.EnableMovableLightCSMShaderCulling:1]]
[2020.02.01-10.44.10:072][  0]LogConfig: Setting CVar [[r.Mobile.AllowDistanceFieldShadows:1]]
[2020.02.01-10.44.10:073][  0]LogConfig: Setting CVar [[r.Mobile.AllowMovableDirectionalLights:1]]
[2020.02.01-10.44.10:073][  0]LogConfig: Setting CVar [[r.MobileNumDynamicPointLights:4]]
[2020.02.01-10.44.10:073][  0]LogConfig: Setting CVar [[r.MobileDynamicPointLightsUseStaticBranch:1]]
[2020.02.01-10.44.10:073][  0]LogConfig: Setting CVar [[r.SkinCache.SceneMemoryLimitInMB:128.000000]]
[2020.02.01-10.44.10:073][  0]LogConfig: Setting CVar [[r.GPUSkin.Limit2BoneInfluences:0]]
[2020.02.01-10.44.10:073][  0]LogConfig: Setting CVar [[r.SupportDepthOnlyIndexBuffers:1]]
[2020.02.01-10.44.10:073][  0]LogConfig: Setting CVar [[r.SupportReversedIndexBuffers:1]]
[2020.02.01-10.44.10:073][  0]LogConfig: Setting CVar [[r.SupportMaterialLayers:0]]
[2020.02.01-10.44.10:073][  0]LogConfig: Applying CVar settings from Section [/Script/Engine.RendererOverrideSettings] File [C:/Users/marty_000/Desktop/beis-reip-team2/GameJam2020/Saved/Config/Windows/Engine.ini]
[2020.02.01-10.44.10:073][  0]LogConfig: Applying CVar settings from Section [/Script/Engine.StreamingSettings] File [C:/Users/marty_000/Desktop/beis-reip-team2/GameJam2020/Saved/Config/Windows/Engine.ini]
[2020.02.01-10.44.10:073][  0]LogConfig: Setting CVar [[s.MinBulkDataSizeForAsyncLoading:131072]]
[2020.02.01-10.44.10:073][  0]LogConfig: Setting CVar [[s.AsyncLoadingThreadEnabled:0]]
[2020.02.01-10.44.10:073][  0]LogConfig: Setting CVar [[s.EventDrivenLoaderEnabled:1]]
[2020.02.01-10.44.10:073][  0]LogConfig: Setting CVar [[s.WarnIfTimeLimitExceeded:0]]
[2020.02.01-10.44.10:073][  0]LogConfig: Setting CVar [[s.TimeLimitExceededMultiplier:1.5]]
[2020.02.01-10.44.10:073][  0]LogConfig: Setting CVar [[s.TimeLimitExceededMinTime:0.005]]
[2020.02.01-10.44.10:073][  0]LogConfig: Setting CVar [[s.UseBackgroundLevelStreaming:1]]
[2020.02.01-10.44.10:073][  0]LogConfig: Setting CVar [[s.PriorityAsyncLoadingExtraTime:15.0]]
[2020.02.01-10.44.10:073][  0]LogConfig: Setting CVar [[s.LevelStreamingActorsUpdateTimeLimit:5.0]]
[2020.02.01-10.44.10:073][  0]LogConfig: Setting CVar [[s.PriorityLevelStreamingActorsUpdateExtraTime:5.0]]
[2020.02.01-10.44.10:073][  0]LogConfig: Setting CVar [[s.LevelStreamingComponentsRegistrationGranularity:10]]
[2020.02.01-10.44.10:073][  0]LogConfig: Setting CVar [[s.UnregisterComponentsTimeLimit:1.0]]
[2020.02.01-10.44.10:073][  0]LogConfig: Setting CVar [[s.LevelStreamingComponentsUnregistrationGranularity:5]]
[2020.02.01-10.44.10:073][  0]LogConfig: Applying CVar settings from Section [/Script/Engine.GarbageCollectionSettings] File [C:/Users/marty_000/Desktop/beis-reip-team2/GameJam2020/Saved/Config/Windows/Engine.ini]
[2020.02.01-10.44.10:073][  0]LogConfig: Setting CVar [[gc.MaxObjectsNotConsideredByGC:1]]
[2020.02.01-10.44.10:073][  0]LogConfig: Setting CVar [[gc.SizeOfPermanentObjectPool:0]]
[2020.02.01-10.44.10:073][  0]LogConfig: Setting CVar [[gc.FlushStreamingOnGC:0]]
[2020.02.01-10.44.10:073][  0]LogConfig: Setting CVar [[gc.NumRetriesBeforeForcingGC:10]]
[2020.02.01-10.44.10:073][  0]LogConfig: Setting CVar [[gc.AllowParallelGC:1]]
[2020.02.01-10.44.10:073][  0]LogConfig: Setting CVar [[gc.TimeBetweenPurgingPendingKillObjects:61.1]]
[2020.02.01-10.44.10:073][  0]LogConfig: Setting CVar [[gc.MaxObjectsInEditor:8388607]]
[2020.02.01-10.44.10:073][  0]LogConfig: Setting CVar [[gc.IncrementalBeginDestroyEnabled:1]]
[2020.02.01-10.44.10:073][  0]LogConfig: Setting CVar [[gc.CreateGCClusters:1]]
[2020.02.01-10.44.10:073][  0]LogConfig: Setting CVar [[gc.MergeGCClusters:0]]
[2020.02.01-10.44.10:073][  0]LogConfig: Setting CVar [[gc.MinGCClusterSize:5]]
[2020.02.01-10.44.10:073][  0]LogConfig: Setting CVar [[gc.ActorClusteringEnabled:0]]
[2020.02.01-10.44.10:073][  0]LogConfig: Setting CVar [[gc.BlueprintClusteringEnabled:0]]
[2020.02.01-10.44.10:073][  0]LogConfig: Setting CVar [[gc.UseDisregardForGCOnDedicatedServers:0]]
[2020.02.01-10.44.10:073][  0]LogConfig: Applying CVar settings from Section [/Script/Engine.NetworkSettings] File [C:/Users/marty_000/Desktop/beis-reip-team2/GameJam2020/Saved/Config/Windows/Engine.ini]
[2020.02.01-10.44.10:073][  0]LogConfig: Applying CVar settings from Section [/Script/UnrealEd.CookerSettings] File [C:/Users/marty_000/Desktop/beis-reip-team2/GameJam2020/Saved/Config/Windows/Engine.ini]
[2020.02.01-10.44.10:075][  0]LogConfig: Applying CVar settings from Section [ViewDistanceQuality@3] File [C:/Users/marty_000/Desktop/beis-reip-team2/GameJam2020/Saved/Config/Windows/Scalability.ini]
[2020.02.01-10.44.10:075][  0]LogConfig: Setting CVar [[r.SkeletalMeshLODBias:0]]
[2020.02.01-10.44.10:075][  0]LogConfig: Setting CVar [[r.ViewDistanceScale:1.0]]
[2020.02.01-10.44.10:075][  0]LogConfig: Applying CVar settings from Section [AntiAliasingQuality@3] File [C:/Users/marty_000/Desktop/beis-reip-team2/GameJam2020/Saved/Config/Windows/Scalability.ini]
[2020.02.01-10.44.10:075][  0]LogConfig: Setting CVar [[r.PostProcessAAQuality:4]]
[2020.02.01-10.44.10:075][  0]LogConfig: Applying CVar settings from Section [ShadowQuality@3] File [C:/Users/marty_000/Desktop/beis-reip-team2/GameJam2020/Saved/Config/Windows/Scalability.ini]
[2020.02.01-10.44.10:075][  0]LogConfig: Setting CVar [[r.LightFunctionQuality:1]]
[2020.02.01-10.44.10:075][  0]LogConfig: Setting CVar [[r.ShadowQuality:5]]
[2020.02.01-10.44.10:075][  0]LogConfig: Setting CVar [[r.Shadow.CSM.MaxCascades:10]]
[2020.02.01-10.44.10:075][  0]LogConfig: Setting CVar [[r.Shadow.MaxResolution:2048]]
[2020.02.01-10.44.10:075][  0]LogConfig: Setting CVar [[r.Shadow.MaxCSMResolution:2048]]
[2020.02.01-10.44.10:075][  0]LogConfig: Setting CVar [[r.Shadow.RadiusThreshold:0.01]]
[2020.02.01-10.44.10:075][  0]LogConfig: Setting CVar [[r.Shadow.DistanceScale:1.0]]
[2020.02.01-10.44.10:075][  0]LogConfig: Setting CVar [[r.Shadow.CSM.TransitionScale:1.0]]
[2020.02.01-10.44.10:075][  0]LogConfig: Setting CVar [[r.Shadow.PreShadowResolutionFactor:1.0]]
[2020.02.01-10.44.10:075][  0]LogConfig: Setting CVar [[r.DistanceFieldShadowing:1]]
[2020.02.01-10.44.10:075][  0]LogConfig: Setting CVar [[r.DistanceFieldAO:1]]
[2020.02.01-10.44.10:075][  0]LogConfig: Setting CVar [[r.AOQuality:2]]
[2020.02.01-10.44.10:075][  0]LogConfig: Setting CVar [[r.VolumetricFog:1]]
[2020.02.01-10.44.10:075][  0]LogConfig: Setting CVar [[r.VolumetricFog.GridPixelSize:8]]
[2020.02.01-10.44.10:075][  0]LogConfig: Setting CVar [[r.VolumetricFog.GridSizeZ:128]]
[2020.02.01-10.44.10:075][  0]LogConfig: Setting CVar [[r.VolumetricFog.HistoryMissSupersampleCount:4]]
[2020.02.01-10.44.10:075][  0]LogConfig: Setting CVar [[r.LightMaxDrawDistanceScale:1]]
[2020.02.01-10.44.10:075][  0]LogConfig: Setting CVar [[r.CapsuleShadows:1]]
[2020.02.01-10.44.10:075][  0]LogConfig: Applying CVar settings from Section [PostProcessQuality@3] File [C:/Users/marty_000/Desktop/beis-reip-team2/GameJam2020/Saved/Config/Windows/Scalability.ini]
[2020.02.01-10.44.10:075][  0]LogConfig: Setting CVar [[r.MotionBlurQuality:4]]
[2020.02.01-10.44.10:075][  0]LogConfig: Setting CVar [[r.AmbientOcclusionMipLevelFactor:0.4]]
[2020.02.01-10.44.10:075][  0]LogConfig: Setting CVar [[r.AmbientOcclusionMaxQuality:100]]
[2020.02.01-10.44.10:075][  0]LogConfig: Setting CVar [[r.AmbientOcclusionLevels:-1]]
[2020.02.01-10.44.10:075][  0]LogConfig: Setting CVar [[r.AmbientOcclusionRadiusScale:1.0]]
[2020.02.01-10.44.10:075][  0]LogConfig: Setting CVar [[r.DepthOfFieldQuality:2]]
[2020.02.01-10.44.10:075][  0]LogConfig: Setting CVar [[r.RenderTargetPoolMin:400]]
[2020.02.01-10.44.10:075][  0]LogConfig: Setting CVar [[r.LensFlareQuality:2]]
[2020.02.01-10.44.10:075][  0]LogConfig: Setting CVar [[r.SceneColorFringeQuality:1]]
[2020.02.01-10.44.10:075][  0]LogConfig: Setting CVar [[r.EyeAdaptationQuality:2]]
[2020.02.01-10.44.10:075][  0]LogConfig: Setting CVar [[r.BloomQuality:5]]
[2020.02.01-10.44.10:075][  0]LogConfig: Setting CVar [[r.FastBlurThreshold:100]]
[2020.02.01-10.44.10:075][  0]LogConfig: Setting CVar [[r.Upscale.Quality:3]]
[2020.02.01-10.44.10:075][  0]LogConfig: Setting CVar [[r.Tonemapper.GrainQuantization:1]]
[2020.02.01-10.44.10:075][  0]LogConfig: Setting CVar [[r.LightShaftQuality:1]]
[2020.02.01-10.44.10:075][  0]LogConfig: Setting CVar [[r.Filter.SizeScale:1]]
[2020.02.01-10.44.10:075][  0]LogConfig: Setting CVar [[r.Tonemapper.Quality:5]]
[2020.02.01-10.44.10:075][  0]LogConfig: Setting CVar [[r.DOF.Gather.AccumulatorQuality:1        ; higher gathering accumulator quality]]
[2020.02.01-10.44.10:075][  0]LogConfig: Setting CVar [[r.DOF.Gather.PostfilterMethod:1          ; Median3x3 postfilering method]]
[2020.02.01-10.44.10:075][  0]LogConfig: Setting CVar [[r.DOF.Gather.EnableBokehSettings:0       ; no bokeh simulation when gathering]]
[2020.02.01-10.44.10:075][  0]LogConfig: Setting CVar [[r.DOF.Gather.RingCount:4                 ; medium number of samples when gathering]]
[2020.02.01-10.44.10:075][  0]LogConfig: Setting CVar [[r.DOF.Scatter.ForegroundCompositing:1    ; additive foreground scattering]]
[2020.02.01-10.44.10:075][  0]LogConfig: Setting CVar [[r.DOF.Scatter.BackgroundCompositing:2    ; additive background scattering]]
[2020.02.01-10.44.10:075][  0]LogConfig: Setting CVar [[r.DOF.Scatter.EnableBokehSettings:1      ; bokeh simulation when scattering]]
[2020.02.01-10.44.10:075][  0]LogConfig: Setting CVar [[r.DOF.Scatter.MaxSpriteRatio:0.1         ; only a maximum of 10% of scattered bokeh]]
[2020.02.01-10.44.10:075][  0]LogConfig: Setting CVar [[r.DOF.Recombine.Quality:1                ; cheap slight out of focus]]
[2020.02.01-10.44.10:076][  0]LogConfig: Setting CVar [[r.DOF.Recombine.EnableBokehSettings:0    ; no bokeh simulation on slight out of focus]]
[2020.02.01-10.44.10:076][  0]LogConfig: Setting CVar [[r.DOF.TemporalAAQuality:1                ; more stable temporal accumulation]]
[2020.02.01-10.44.10:076][  0]LogConfig: Setting CVar [[r.DOF.Kernel.MaxForegroundRadius:0.025]]
[2020.02.01-10.44.10:076][  0]LogConfig: Setting CVar [[r.DOF.Kernel.MaxBackgroundRadius:0.025]]
[2020.02.01-10.44.10:076][  0]LogConfig: Applying CVar settings from Section [TextureQuality@3] File [C:/Users/marty_000/Desktop/beis-reip-team2/GameJam2020/Saved/Config/Windows/Scalability.ini]
[2020.02.01-10.44.10:076][  0]LogConfig: Setting CVar [[r.Streaming.MipBias:0]]
[2020.02.01-10.44.10:076][  0]LogConfig: Setting CVar [[r.Streaming.AmortizeCPUToGPUCopy:0]]
[2020.02.01-10.44.10:076][  0]LogConfig: Setting CVar [[r.Streaming.MaxNumTexturesToStreamPerFrame:0]]
[2020.02.01-10.44.10:076][  0]LogConfig: Setting CVar [[r.Streaming.Boost:1]]
[2020.02.01-10.44.10:076][  0]LogConfig: Setting CVar [[r.MaxAnisotropy:8]]
[2020.02.01-10.44.10:076][  0]LogConfig: Setting CVar [[r.Streaming.LimitPoolSizeToVRAM:0]]
[2020.02.01-10.44.10:076][  0]LogConfig: Setting CVar [[r.Streaming.PoolSize:1000]]
[2020.02.01-10.44.10:076][  0]LogConfig: Setting CVar [[r.Streaming.MaxEffectiveScreenSize:0]]
[2020.02.01-10.44.10:076][  0]LogConfig: Applying CVar settings from Section [EffectsQuality@3] File [C:/Users/marty_000/Desktop/beis-reip-team2/GameJam2020/Saved/Config/Windows/Scalability.ini]
[2020.02.01-10.44.10:076][  0]LogConfig: Setting CVar [[r.TranslucencyLightingVolumeDim:64]]
[2020.02.01-10.44.10:076][  0]LogConfig: Setting CVar [[r.RefractionQuality:2]]
[2020.02.01-10.44.10:076][  0]LogConfig: Setting CVar [[r.SSR.Quality:3]]
[2020.02.01-10.44.10:076][  0]LogConfig: Setting CVar [[r.SceneColorFormat:4]]
[2020.02.01-10.44.10:076][  0]LogConfig: Setting CVar [[r.DetailMode:2]]
[2020.02.01-10.44.10:076][  0]LogConfig: Setting CVar [[r.TranslucencyVolumeBlur:1]]
[2020.02.01-10.44.10:076][  0]LogConfig: Setting CVar [[r.MaterialQualityLevel:1 ; High quality]]
[2020.02.01-10.44.10:076][  0]LogConfig: Setting CVar [[r.SSS.Scale:1]]
[2020.02.01-10.44.10:076][  0]LogConfig: Setting CVar [[r.SSS.SampleSet:2]]
[2020.02.01-10.44.10:076][  0]LogConfig: Setting CVar [[r.SSS.Quality:1]]
[2020.02.01-10.44.10:076][  0]LogConfig: Setting CVar [[r.SSS.HalfRes:1]]
[2020.02.01-10.44.10:076][  0]LogConfig: Setting CVar [[r.EmitterSpawnRateScale:1.0]]
[2020.02.01-10.44.10:076][  0]LogConfig: Setting CVar [[r.ParticleLightQuality:2]]
[2020.02.01-10.44.10:076][  0]LogConfig: Applying CVar settings from Section [FoliageQuality@3] File [C:/Users/marty_000/Desktop/beis-reip-team2/GameJam2020/Saved/Config/Windows/Scalability.ini]
[2020.02.01-10.44.10:076][  0]LogConfig: Setting CVar [[foliage.DensityScale:1.0]]
[2020.02.01-10.44.10:076][  0]LogConfig: Setting CVar [[grass.DensityScale:1.0]]
[2020.02.01-10.44.10:076][  0]LogInit: Selected Device Profile: [Windows]
[2020.02.01-10.44.10:076][  0]LogInit: Applying CVar settings loaded from the selected device profile: [Windows]
[2020.02.01-10.44.10:085][  0]LogHAL: Display: Platform has ~ 16 GB [17087881216 / 17179869184 / 16], which maps to Larger [LargestMinGB=32, LargerMinGB=12, DefaultMinGB=8, SmallerMinGB=6, SmallestMinGB=0)
[2020.02.01-10.44.10:085][  0]LogConfig: Setting CVar [[r.Vulkan.UseRealUBs:1]]
[2020.02.01-10.44.10:085][  0]LogInit: Going up to parent DeviceProfile []
[2020.02.01-10.44.10:085][  0]LogConfig: Applying CVar settings from Section [ViewDistanceQuality@0] File [C:/Users/marty_000/Desktop/beis-reip-team2/GameJam2020/Saved/Config/Windows/Scalability.ini]
[2020.02.01-10.44.10:085][  0]LogConfig: Setting CVar [[r.SkeletalMeshLODBias:2]]
[2020.02.01-10.44.10:085][  0]LogConfig: Setting CVar [[r.ViewDistanceScale:0.4]]
[2020.02.01-10.44.10:085][  0]LogConfig: Applying CVar settings from Section [AntiAliasingQuality@0] File [C:/Users/marty_000/Desktop/beis-reip-team2/GameJam2020/Saved/Config/Windows/Scalability.ini]
[2020.02.01-10.44.10:085][  0]LogConfig: Setting CVar [[r.PostProcessAAQuality:0]]
[2020.02.01-10.44.10:085][  0]LogConfig: Applying CVar settings from Section [ShadowQuality@0] File [C:/Users/marty_000/Desktop/beis-reip-team2/GameJam2020/Saved/Config/Windows/Scalability.ini]
[2020.02.01-10.44.10:085][  0]LogConfig: Setting CVar [[r.LightFunctionQuality:0]]
[2020.02.01-10.44.10:085][  0]LogConfig: Setting CVar [[r.ShadowQuality:0]]
[2020.02.01-10.44.10:086][  0]LogConfig: Setting CVar [[r.Shadow.CSM.MaxCascades:1]]
[2020.02.01-10.44.10:086][  0]LogConfig: Setting CVar [[r.Shadow.MaxResolution:512]]
[2020.02.01-10.44.10:086][  0]LogConfig: Setting CVar [[r.Shadow.MaxCSMResolution:512]]
[2020.02.01-10.44.10:086][  0]LogConfig: Setting CVar [[r.Shadow.RadiusThreshold:0.06]]
[2020.02.01-10.44.10:086][  0]LogConfig: Setting CVar [[r.Shadow.DistanceScale:0.6]]
[2020.02.01-10.44.10:086][  0]LogConfig: Setting CVar [[r.Shadow.CSM.TransitionScale:0]]
[2020.02.01-10.44.10:086][  0]LogConfig: Setting CVar [[r.Shadow.PreShadowResolutionFactor:0.5]]
[2020.02.01-10.44.10:086][  0]LogConfig: Setting CVar [[r.DistanceFieldShadowing:0]]
[2020.02.01-10.44.10:086][  0]LogConfig: Setting CVar [[r.DistanceFieldAO:0]]
[2020.02.01-10.44.10:086][  0]LogConfig: Setting CVar [[r.VolumetricFog:0]]
[2020.02.01-10.44.10:086][  0]LogConfig: Setting CVar [[r.LightMaxDrawDistanceScale:0]]
[2020.02.01-10.44.10:086][  0]LogConfig: Setting CVar [[r.CapsuleShadows:0]]
[2020.02.01-10.44.10:086][  0]LogConfig: Applying CVar settings from Section [PostProcessQuality@0] File [C:/Users/marty_000/Desktop/beis-reip-team2/GameJam2020/Saved/Config/Windows/Scalability.ini]
[2020.02.01-10.44.10:086][  0]LogConfig: Setting CVar [[r.MotionBlurQuality:0]]
[2020.02.01-10.44.10:086][  0]LogConfig: Setting CVar [[r.AmbientOcclusionMipLevelFactor:1.0]]
[2020.02.01-10.44.10:086][  0]LogConfig: Setting CVar [[r.AmbientOcclusionMaxQuality:0]]
[2020.02.01-10.44.10:086][  0]LogConfig: Setting CVar [[r.AmbientOcclusionLevels:0]]
[2020.02.01-10.44.10:086][  0]LogConfig: Setting CVar [[r.AmbientOcclusionRadiusScale:1.2]]
[2020.02.01-10.44.10:086][  0]LogConfig: Setting CVar [[r.DepthOfFieldQuality:0]]
[2020.02.01-10.44.10:086][  0]LogConfig: Setting CVar [[r.RenderTargetPoolMin:300]]
[2020.02.01-10.44.10:086][  0]LogConfig: Setting CVar [[r.LensFlareQuality:0]]
[2020.02.01-10.44.10:086][  0]LogConfig: Setting CVar [[r.SceneColorFringeQuality:0]]
[2020.02.01-10.44.10:086][  0]LogConfig: Setting CVar [[r.EyeAdaptationQuality:0]]
[2020.02.01-10.44.10:086][  0]LogConfig: Setting CVar [[r.BloomQuality:4]]
[2020.02.01-10.44.10:086][  0]LogConfig: Setting CVar [[r.FastBlurThreshold:0]]
[2020.02.01-10.44.10:086][  0]LogConfig: Setting CVar [[r.Upscale.Quality:1]]
[2020.02.01-10.44.10:086][  0]LogConfig: Setting CVar [[r.Tonemapper.GrainQuantization:0]]
[2020.02.01-10.44.10:086][  0]LogConfig: Setting CVar [[r.LightShaftQuality:0]]
[2020.02.01-10.44.10:086][  0]LogConfig: Setting CVar [[r.Filter.SizeScale:0.6]]
[2020.02.01-10.44.10:086][  0]LogConfig: Setting CVar [[r.Tonemapper.Quality:0]]
[2020.02.01-10.44.10:086][  0]LogConfig: Applying CVar settings from Section [TextureQuality@0] File [C:/Users/marty_000/Desktop/beis-reip-team2/GameJam2020/Saved/Config/Windows/Scalability.ini]
[2020.02.01-10.44.10:086][  0]LogConfig: Setting CVar [[r.Streaming.MipBias:16]]
[2020.02.01-10.44.10:086][  0]LogConfig: Setting CVar [[r.Streaming.AmortizeCPUToGPUCopy:1]]
[2020.02.01-10.44.10:086][  0]LogConfig: Setting CVar [[r.Streaming.MaxNumTexturesToStreamPerFrame:1]]
[2020.02.01-10.44.10:086][  0]LogConfig: Setting CVar [[r.Streaming.Boost:0.3]]
[2020.02.01-10.44.10:086][  0]LogConfig: Setting CVar [[r.MaxAnisotropy:0]]
[2020.02.01-10.44.10:086][  0]LogConfig: Setting CVar [[r.Streaming.LimitPoolSizeToVRAM:1]]
[2020.02.01-10.44.10:086][  0]LogConfig: Setting CVar [[r.Streaming.PoolSize:400]]
[2020.02.01-10.44.10:086][  0]LogConfig: Setting CVar [[r.Streaming.MaxEffectiveScreenSize:0]]
[2020.02.01-10.44.10:086][  0]LogConfig: Applying CVar settings from Section [EffectsQuality@0] File [C:/Users/marty_000/Desktop/beis-reip-team2/GameJam2020/Saved/Config/Windows/Scalability.ini]
[2020.02.01-10.44.10:086][  0]LogConfig: Setting CVar [[r.TranslucencyLightingVolumeDim:24]]
[2020.02.01-10.44.10:086][  0]LogConfig: Setting CVar [[r.RefractionQuality:0]]
[2020.02.01-10.44.10:086][  0]LogConfig: Setting CVar [[r.SSR.Quality:0]]
[2020.02.01-10.44.10:086][  0]LogConfig: Setting CVar [[r.SceneColorFormat:3]]
[2020.02.01-10.44.10:086][  0]LogConfig: Setting CVar [[r.DetailMode:0]]
[2020.02.01-10.44.10:086][  0]LogConfig: Setting CVar [[r.TranslucencyVolumeBlur:0]]
[2020.02.01-10.44.10:086][  0]LogConfig: Setting CVar [[r.MaterialQualityLevel:0 ; Low quality]]
[2020.02.01-10.44.10:086][  0]LogConfig: Setting CVar [[r.SSS.Scale:0]]
[2020.02.01-10.44.10:086][  0]LogConfig: Setting CVar [[r.SSS.SampleSet:0]]
[2020.02.01-10.44.10:086][  0]LogConfig: Setting CVar [[r.SSS.Quality:0]]
[2020.02.01-10.44.10:086][  0]LogConfig: Setting CVar [[r.SSS.HalfRes:1]]
[2020.02.01-10.44.10:086][  0]LogConfig: Setting CVar [[r.EmitterSpawnRateScale:0.125]]
[2020.02.01-10.44.10:086][  0]LogConfig: Setting CVar [[r.ParticleLightQuality:0]]
[2020.02.01-10.44.10:086][  0]LogConfig: Applying CVar settings from Section [FoliageQuality@0] File [C:/Users/marty_000/Desktop/beis-reip-team2/GameJam2020/Saved/Config/Windows/Scalability.ini]
[2020.02.01-10.44.10:086][  0]LogConfig: Setting CVar [[foliage.DensityScale:0]]
[2020.02.01-10.44.10:086][  0]LogConfig: Setting CVar [[grass.DensityScale:0]]
[2020.02.01-10.44.10:086][  0]LogConfig: Applying CVar settings from Section [Startup] File [../../../Engine/Config/ConsoleVariables.ini]
[2020.02.01-10.44.10:086][  0]LogConfig: Setting CVar [[net.UseAdaptiveNetUpdateFrequency:0]]
[2020.02.01-10.44.10:086][  0]LogConfig: Applying CVar settings from Section [ConsoleVariables] File [C:/Users/marty_000/Desktop/beis-reip-team2/GameJam2020/Saved/Config/Windows/Engine.ini]
[2020.02.01-10.44.10:087][  0]LogInit: Computer: LENOVOPC
[2020.02.01-10.44.10:087][  0]LogInit: User: Public
[2020.02.01-10.44.10:087][  0]LogInit: CPU Page size=4096, Cores=4
[2020.02.01-10.44.10:087][  0]LogInit: High frequency timer resolution =2.533214 MHz
[2020.02.01-10.44.10:087][  0]LogMemory: Memory total: Physical=15.9GB (16GB approx)
[2020.02.01-10.44.10:087][  0]LogMemory: Platform Memory Stats for Windows
[2020.02.01-10.44.10:087][  0]LogMemory: Process Physical Memory: 100.09 MB used, 100.09 MB peak
[2020.02.01-10.44.10:087][  0]LogMemory: Process Virtual Memory: 91.04 MB used, 91.04 MB peak
[2020.02.01-10.44.10:087][  0]LogMemory: Physical Memory: 4632.73 MB used,  11663.55 MB free, 16296.27 MB total
[2020.02.01-10.44.10:087][  0]LogMemory: Virtual Memory: 493.89 MB used,  134217232.00 MB free, 134217728.00 MB total
[2020.02.01-10.44.10:114][  0]LogInit: Using OS detected language (en-US).
[2020.02.01-10.44.10:114][  0]LogInit: Using OS detected locale (en-US).
[2020.02.01-10.44.10:114][  0]LogTextLocalizationManager: No specific localization for 'en-US' exists, so the 'en' localization will be used.
[2020.02.01-10.44.10:598][  0]LogStreaming: Display: Took  0.484s to InitEngineTextLocalization.
[2020.02.01-10.44.10:598][  0]LogInit: Setting process to per monitor DPI aware
[2020.02.01-10.44.10:615][  0]LogSlate: New Slate User Created.  User Index 0, Is Virtual User: 0
[2020.02.01-10.44.10:615][  0]LogSlate: Slate User Registered.  User Index 0, Is Virtual User: 0
[2020.02.01-10.44.10:809][  0]LogHMD: Failed to initialize OpenVR with code 110
[2020.02.01-10.44.10:809][  0]LogD3D11RHI: D3D11 adapters:
[2020.02.01-10.44.10:817][  0]LogD3D11RHI:    0. 'Intel(R) HD Graphics 4600' (Feature Level 11_0)
[2020.02.01-10.44.10:817][  0]LogD3D11RHI:       0/0/1792 MB DedicatedVideo/DedicatedSystem/SharedSystem, Outputs:1, VendorId:0x8086
[2020.02.01-10.44.10:818][  0]LogD3D11RHI:    1. 'Microsoft Basic Render Driver' (Feature Level 11_0)
[2020.02.01-10.44.10:818][  0]LogD3D11RHI:       0/0/256 MB DedicatedVideo/DedicatedSystem/SharedSystem, Outputs:0, VendorId:0x1414
[2020.02.01-10.44.10:818][  0]LogD3D11RHI: Chosen D3D11 Adapter: 0
[2020.02.01-10.44.10:823][  0]LogD3D11RHI: Creating new Direct3DDevice
[2020.02.01-10.44.10:823][  0]LogD3D11RHI:     GPU DeviceId: 0x416 (for the marketing name, search the web for "GPU Device Id")
[2020.02.01-10.44.10:823][  0]LogWindows: EnumDisplayDevices:
[2020.02.01-10.44.10:823][  0]LogWindows:    0. 'Intel(R) HD Graphics 4600' (P:1 D:1)
[2020.02.01-10.44.10:823][  0]LogWindows:    1. 'Intel(R) HD Graphics 4600' (P:0 D:0)
[2020.02.01-10.44.10:823][  0]LogWindows:    2. 'Intel(R) HD Graphics 4600' (P:0 D:0)
[2020.02.01-10.44.10:823][  0]LogWindows: DebugString: FoundDriverCount:3 
[2020.02.01-10.44.10:823][  0]LogD3D11RHI:     Adapter Name: Intel(R) HD Graphics 4600
[2020.02.01-10.44.10:823][  0]LogD3D11RHI:   Driver Version: 10.18.14.4029 (internal:10.18.14.4029, unified:10.18.14.4029)
[2020.02.01-10.44.10:823][  0]LogD3D11RHI:      Driver Date: 11-18-2014
[2020.02.01-10.44.10:823][  0]LogRHI: Texture pool is 627 MB (70% of 896 MB)
[2020.02.01-10.44.10:834][  0]LogD3D11RHI: [IntelMetricsDiscovery] Started
[2020.02.01-10.44.10:834][  0]LogD3D11RHI: Async texture creation enabled
[2020.02.01-10.44.10:841][  0]LogD3D11RHI: GPU Timing Frequency: 12.500000 (Debug: 2 0)
[2020.02.01-10.44.11:104][  0]LogTemp: Display: Loaded TP AllDesktopTargetPlatform
[2020.02.01-10.44.11:120][  0]LogTemp: Display: Loaded TP MacClientTargetPlatform
[2020.02.01-10.44.11:137][  0]LogTemp: Display: Loaded TP MacNoEditorTargetPlatform
[2020.02.01-10.44.11:153][  0]LogTemp: Display: Loaded TP MacServerTargetPlatform
[2020.02.01-10.44.11:169][  0]LogTemp: Display: Loaded TP MacTargetPlatform
[2020.02.01-10.44.11:185][  0]LogTemp: Display: Loaded TP WindowsClientTargetPlatform
[2020.02.01-10.44.11:201][  0]LogTemp: Display: Loaded TP WindowsNoEditorTargetPlatform
[2020.02.01-10.44.11:218][  0]LogTemp: Display: Loaded TP WindowsServerTargetPlatform
[2020.02.01-10.44.11:225][  0]LogTemp: Display: Loaded TP WindowsTargetPlatform
[2020.02.01-10.44.11:320][  0]LogTemp: Display: Loaded TP AndroidTargetPlatform
[2020.02.01-10.44.11:320][  0]LogTemp: Display: Loaded TP AndroidTargetPlatform
[2020.02.01-10.44.11:320][  0]LogTemp: Display: Loaded TP AndroidTargetPlatform
[2020.02.01-10.44.11:320][  0]LogTemp: Display: Loaded TP AndroidTargetPlatform
[2020.02.01-10.44.11:320][  0]LogTemp: Display: Loaded TP AndroidTargetPlatform
[2020.02.01-10.44.11:320][  0]LogTemp: Display: Loaded TP AndroidTargetPlatform
[2020.02.01-10.44.11:320][  0]LogTemp: Display: Loaded TP AndroidTargetPlatform
[2020.02.01-10.44.11:320][  0]LogTemp: Display: Loaded TP AndroidTargetPlatform
[2020.02.01-10.44.11:320][  0]LogTemp: Display: Loaded TP AndroidTargetPlatform
[2020.02.01-10.44.11:320][  0]LogTemp: Display: Loaded TP AndroidTargetPlatform
[2020.02.01-10.44.11:320][  0]LogTemp: Display: Loaded TP AndroidTargetPlatform
[2020.02.01-10.44.11:320][  0]LogTemp: Display: Loaded TP AndroidTargetPlatform
[2020.02.01-10.44.11:320][  0]LogTemp: Display: Loaded TP AndroidTargetPlatform
[2020.02.01-10.44.11:320][  0]LogTemp: Display: Loaded TP AndroidTargetPlatform
[2020.02.01-10.44.11:320][  0]LogTemp: Display: Loaded TP AndroidTargetPlatform
[2020.02.01-10.44.11:320][  0]LogTemp: Display: Loaded TP AndroidTargetPlatform
[2020.02.01-10.44.11:320][  0]LogTemp: Display: Loaded TP AndroidTargetPlatform
[2020.02.01-10.44.11:320][  0]LogTemp: Display: Loaded TP AndroidTargetPlatform
[2020.02.01-10.44.11:321][  0]LogTemp: Display: Loaded TP HTML5TargetPlatform
[2020.02.01-10.44.11:386][  0]LogTemp: Display: Loaded TP IOSTargetPlatform
[2020.02.01-10.44.11:386][  0]LogTemp: Display: Loaded TP IOSTargetPlatform
[2020.02.01-10.44.11:416][  0]LogTemp: Display: Loaded TP TVOSTargetPlatform
[2020.02.01-10.44.11:416][  0]LogTemp: Display: Loaded TP TVOSTargetPlatform
[2020.02.01-10.44.11:432][  0]LogTemp: Display: Loaded TP LinuxClientTargetPlatform
[2020.02.01-10.44.11:448][  0]LogTemp: Display: Loaded TP LinuxNoEditorTargetPlatform
[2020.02.01-10.44.11:463][  0]LogTemp: Display: Loaded TP LinuxServerTargetPlatform
[2020.02.01-10.44.11:480][  0]LogTemp: Display: Loaded TP LinuxTargetPlatform
[2020.02.01-10.44.11:538][  0]LogTemp: Display: Loaded TP LuminTargetPlatform
[2020.02.01-10.44.11:538][  0]LogTemp: Display: Loaded TP LuminTargetPlatform
[2020.02.01-10.44.11:538][  0]LogTargetPlatformManager: Display: Building Assets For Windows
[2020.02.01-10.44.11:588][  0]LogShaderCompilers: Guid format shader working directory is -19 characters bigger than the processId version (../../../../../../Users/marty_000/Desktop/beis-reip-team2/GameJam2020/Intermediate/Shaders/WorkingDirectory/8048/).
[2020.02.01-10.44.11:589][  0]LogShaderCompilers: Cleaned the shader compiler working directory 'C:/Users/marty_000/AppData/Local/Temp/UnrealShaderWorkingDir/233BEBC74A1B1C7F5D704F8EDDB22909/'.
[2020.02.01-10.44.11:590][  0]LogXGEController: Cleaning working directory: C:/Users/marty_000/AppData/Local/Temp/UnrealXGEWorkingDir/
[2020.02.01-10.44.11:591][  0]LogXGEController: Cannot use XGE Controller as Incredibuild is not installed on this machine.
[2020.02.01-10.44.11:591][  0]LogShaderCompilers: Cannot use XGE Shader Compiler as Incredibuild is not installed on this machine.
[2020.02.01-10.44.11:591][  0]LogShaderCompilers: Display: Using Local Shader Compiler.
[2020.02.01-10.44.12:294][  0]LogDerivedDataCache: Display: Max Cache Size: 512 MB
[2020.02.01-10.44.12:377][  0]LogDerivedDataCache: Loaded boot cache 0.08s 71MB C:/Users/marty_000/AppData/Local/UnrealEngine/4.21/DerivedDataCache/Boot.ddc.
[2020.02.01-10.44.12:377][  0]LogDerivedDataCache: Display: Loaded Boot cache: C:/Users/marty_000/AppData/Local/UnrealEngine/4.21/DerivedDataCache/Boot.ddc
[2020.02.01-10.44.12:377][  0]LogDerivedDataCache: FDerivedDataBackendGraph:  Pak pak cache file ../../../../../../Users/marty_000/Desktop/beis-reip-team2/GameJam2020/DerivedDataCache/DDC.ddp not found, will not use a pak cache.
[2020.02.01-10.44.12:377][  0]LogDerivedDataCache: Unable to find inner node Pak for hierarchical cache Hierarchy.
[2020.02.01-10.44.12:377][  0]LogDerivedDataCache: FDerivedDataBackendGraph:  CompressedPak pak cache file ../../../../../../Users/marty_000/Desktop/beis-reip-team2/GameJam2020/DerivedDataCache/Compressed.ddp not found, will not use a pak cache.
[2020.02.01-10.44.12:377][  0]LogDerivedDataCache: Unable to find inner node CompressedPak for hierarchical cache Hierarchy.
[2020.02.01-10.44.12:399][  0]LogDerivedDataCache: Display: Pak cache opened for reading ../../../Engine/DerivedDataCache/Compressed.ddp.
[2020.02.01-10.44.12:399][  0]LogDerivedDataCache: FDerivedDataBackendGraph:  EnterprisePak pak cache file ../../../Enterprise/DerivedDataCache/Compressed.ddp not found, will not use a pak cache.
[2020.02.01-10.44.12:399][  0]LogDerivedDataCache: Unable to find inner node EnterprisePak for hierarchical cache Hierarchy.
[2020.02.01-10.44.12:411][  0]LogDerivedDataCache: Using Local data cache path C:/Users/marty_000/AppData/Local/UnrealEngine/Common/DerivedDataCache: Writable
[2020.02.01-10.44.12:411][  0]LogDerivedDataCache: Shared data cache path not found in *engine.ini, will not use an Shared cache.
[2020.02.01-10.44.12:411][  0]LogDerivedDataCache: Unable to find inner node Shared for hierarchical cache Hierarchy.
[2020.02.01-10.44.12:440][  0]LogMaterial: Verifying Global Shaders for PCD3D_SM5
[2020.02.01-10.44.12:442][  0]LogSlate: Using FreeType 2.6.0
[2020.02.01-10.44.12:444][  0]LogSlate: SlateFontServices - WITH_FREETYPE: 1, WITH_HARFBUZZ: 1
[2020.02.01-10.44.12:549][  0]LogAssetRegistry: FAssetRegistry took 0.0372 seconds to start up
[2020.02.01-10.44.12:944][  0]LogInit: Selected Device Profile: [Windows]
[2020.02.01-10.44.13:017][  0]LogSimplygon: Simplygon DLL not present - disabling.
[2020.02.01-10.44.13:020][  0]LogMeshReduction: Using SimplygonSwarm for distributed automatic mesh merging
[2020.02.01-10.44.13:020][  0]LogMeshReduction: Using ProxyLODMeshReduction for automatic mesh merging
[2020.02.01-10.44.13:020][  0]LogMeshReduction: Using QuadricMeshReduction for automatic static mesh reduction
[2020.02.01-10.44.13:020][  0]LogMeshReduction: No automatic skeletal mesh reduction module available
[2020.02.01-10.44.13:146][  0]LogNetVersion: GameJam2020 1.0.0, NetCL: 4541578, EngineNetVer: 5, GameNetVer: 0 (Checksum: 307366312)
[2020.02.01-10.44.13:746][  0]LogPackageLocalizationCache: Processed 11 localized package path(s) for 2 prioritized culture(s) in 0.078130 seconds
[2020.02.01-10.44.13:757][  0]LogUObjectArray: 39775 objects as part of root set at end of initial load.
[2020.02.01-10.44.13:757][  0]LogUObjectAllocator: 6914656 out of 0 bytes used by permanent object pool.
[2020.02.01-10.44.13:757][  0]LogUObjectArray: CloseDisregardForGC: 0/0 objects in disregard for GC pool
[2020.02.01-10.44.14:696][  0]LogTcpMessaging: Initializing TcpMessaging bridge
[2020.02.01-10.44.14:708][  0]LogUdpMessaging: Initializing bridge on interface 0.0.0.0:0 to multicast group 230.0.0.1:6666.
[2020.02.01-10.44.15:466][  0]SourceControl: Source control is disabled
[2020.02.01-10.44.15:466][  0]SourceControl: Source control is disabled
[2020.02.01-10.44.15:469][  0]SourceControl: Source control is disabled
[2020.02.01-10.44.15:470][  0]SourceControl: Source control is disabled
[2020.02.01-10.44.15:622][  0]LogAndroidPermission: UAndroidPermissionCallbackProxy::GetInstance
[2020.02.01-10.44.15:659][  0]LogOcInput: OculusInput pre-init called
[2020.02.01-10.44.15:802][  0]LogEngine: Initializing Engine...
[2020.02.01-10.44.15:803][  0]LogHMD: Failed to initialize OpenVR with code 110
[2020.02.01-10.44.15:805][  0]LogStats: UGameplayTagsManager::ConstructGameplayTagTree: ImportINI prefixes -  0.000 s
[2020.02.01-10.44.15:805][  0]LogStats: UGameplayTagsManager::ConstructGameplayTagTree: Construct from data asset -  0.000 s
[2020.02.01-10.44.15:805][  0]LogStats: UGameplayTagsManager::ConstructGameplayTagTree: ImportINI -  0.000 s
[2020.02.01-10.44.15:805][  0]LogStats: UGameplayTagsManager::ConstructGameplayTagTree: GameplayTagTreeChangedEvent.Broadcast -  0.000 s
[2020.02.01-10.44.16:111][  0]LogInit: Initializing FReadOnlyCVARCache
[2020.02.01-10.44.16:123][  0]LogAIModule: Creating AISystem for world Untitled
[2020.02.01-10.44.16:154][  0]LogInit: XAudio2 using 'Głośniki (Realtek High Definition Audio)' : 2 channels at 48 kHz using 32 bits per sample (channel mask 0x3)
[2020.02.01-10.44.16:180][  0]LogInit: FAudioDevice initialized.
[2020.02.01-10.44.16:180][  0]LogNetVersion: Set ProjectVersion to 1.0.0.0. Version Checksum will be recalculated on next use.
[2020.02.01-10.44.16:479][  0]LogDerivedDataCache: Saved boot cache 0.30s 71MB C:/Users/marty_000/AppData/Local/UnrealEngine/4.21/DerivedDataCache/Boot.ddc.
[2020.02.01-10.44.16:485][  0]LogInit: Texture streaming: Enabled
[2020.02.01-10.44.16:499][  0]LogEngineSessionManager: EngineSessionManager initialized
[2020.02.01-10.44.16:508][  0]LogInit: Transaction tracking system initialized
[2020.02.01-10.44.16:528][  0]BlueprintLog: New page: Editor Load
[2020.02.01-10.44.16:592][  0]LocalizationService: Localization service is disabled
[2020.02.01-10.44.17:667][  0]LogFileCache: Scanning file cache for directory 'C:/Users/marty_000/Desktop/beis-reip-team2/GameJam2020/Content/' took 0.01s
[2020.02.01-10.44.17:667][  0]LogCook: Display: Max memory allowance for cook 16384mb min free memory 0mb
[2020.02.01-10.44.17:667][  0]LogCook: Display: Mobile HDR setting 0
[2020.02.01-10.44.17:668][  0]LogGameplayTags: Display: UGameplayTagsManager::DoneAddingNativeTags. DelegateIsBound: 0
[2020.02.01-10.44.17:668][  0]LogStats: UGameplayTagsManager::ConstructGameplayTagTree: ImportINI prefixes -  0.000 s
[2020.02.01-10.44.17:668][  0]LogStats: UGameplayTagsManager::ConstructGameplayTagTree: Construct from data asset -  0.000 s
[2020.02.01-10.44.17:668][  0]LogStats: UGameplayTagsManager::ConstructGameplayTagTree: ImportINI -  0.000 s
[2020.02.01-10.44.17:668][  0]LogStats: UGameplayTagsManager::ConstructGameplayTagTree: GameplayTagTreeChangedEvent.Broadcast -  0.000 s
[2020.02.01-10.44.17:786][  0]SourceControl: Source control is disabled
[2020.02.01-10.44.17:786][  0]Cmd: MAP LOAD FILE="../../../../../../Users/marty_000/Desktop/beis-reip-team2/GameJam2020/Content/SideScrollerBP/Maps/MainMenu.umap" TEMPLATE=0 SHOWPROGRESS=1 FEATURELEVEL=3
[2020.02.01-10.44.17:786][  0]LightingResults: New page: Lighting Build
[2020.02.01-10.44.17:789][  0]MapCheck: New page: Map Check
[2020.02.01-10.44.17:789][  0]LightingResults: New page: Lighting Build
[2020.02.01-10.44.17:836][  0]LogAIModule: Creating AISystem for world MainMenu
[2020.02.01-10.44.17:837][  0]LogEditorServer: Finished looking for orphan Actors (0.000 secs)
[2020.02.01-10.44.17:867][  0]Cmd: MAP CHECKDEP NOCLEARLOG
[2020.02.01-10.44.17:867][  0]MapCheck: Map check complete: 0 Error(s), 0 Warning(s), took 0.158ms to complete.
[2020.02.01-10.44.17:867][  0]LogFileHelpers: Loading map 'MainMenu' took 0.081
[2020.02.01-10.44.17:926][  0]LogWindowsTextInputMethodSystem: Display: IME system now deactivated.
[2020.02.01-10.44.17:959][  0]LogSlate: Updating window title bar state: overlay mode, drag disabled, window buttons hidden, title bar hidden
[2020.02.01-10.44.17:968][  0]LogSlate: Updating window title bar state: overlay mode, drag disabled, window buttons hidden, title bar hidden
[2020.02.01-10.44.17:977][  0]LogSlate: Updating window title bar state: overlay mode, drag disabled, window buttons hidden, title bar hidden
[2020.02.01-10.44.17:986][  0]LogSlate: Updating window title bar state: overlay mode, drag disabled, window buttons hidden, title bar hidden
[2020.02.01-10.44.17:992][  0]LogCollectionManager: Loaded 0 collections in 0.001223 seconds
[2020.02.01-10.44.18:029][  0]LogFileCache: Scanning file cache for directory 'C:/Users/marty_000/Desktop/beis-reip-team2/GameJam2020/Saved/Collections/' took 0.01s
[2020.02.01-10.44.18:029][  0]LogFileCache: Scanning file cache for directory 'C:/Users/marty_000/Desktop/beis-reip-team2/GameJam2020/Content/Developers/Public/Collections/' took 0.01s
[2020.02.01-10.44.18:029][  0]LogFileCache: Scanning file cache for directory 'C:/Users/marty_000/Desktop/beis-reip-team2/GameJam2020/Content/Collections/' took 0.01s
[2020.02.01-10.44.18:029][  0]LogCollectionManager: Rebuilt the GUID cache for 0 collections in 0.000000 seconds
[2020.02.01-10.44.18:039][  0]LogContentBrowser: Native class hierarchy populated in 0.0105 seconds. Added 2651 classes and 620 folders.
[2020.02.01-10.44.18:045][  0]LogContentBrowser: Native class hierarchy updated for 'WidgetCarousel' in 0.0003 seconds. Added 0 classes and 0 folders.
[2020.02.01-10.44.18:047][  0]LogPakFile: Registered encryption key '00000000000000000000000000000000': 0 pak files mounted, 0 remain pending
[2020.02.01-10.44.18:047][  0]LogPakFile: Registered encryption key '00000000000000000000000000000000': 0 pak files mounted, 0 remain pending
[2020.02.01-10.44.18:048][  0]LogPakFile: Registered encryption key '00000000000000000000000000000000': 0 pak files mounted, 0 remain pending
[2020.02.01-10.44.18:048][  0]LogPakFile: Registered encryption key '00000000000000000000000000000000': 0 pak files mounted, 0 remain pending
[2020.02.01-10.44.18:049][  0]LogPakFile: Registered encryption key '00000000000000000000000000000000': 0 pak files mounted, 0 remain pending
[2020.02.01-10.44.18:049][  0]LogPakFile: Registered encryption key '00000000000000000000000000000000': 0 pak files mounted, 0 remain pending
[2020.02.01-10.44.18:050][  0]LogPakFile: Registered encryption key '00000000000000000000000000000000': 0 pak files mounted, 0 remain pending
[2020.02.01-10.44.18:050][  0]LogPakFile: Registered encryption key '00000000000000000000000000000000': 0 pak files mounted, 0 remain pending
[2020.02.01-10.44.18:050][  0]LogPakFile: Registered encryption key '00000000000000000000000000000000': 0 pak files mounted, 0 remain pending
[2020.02.01-10.44.18:051][  0]LogPakFile: Registered encryption key '00000000000000000000000000000000': 0 pak files mounted, 0 remain pending
[2020.02.01-10.44.18:051][  0]LogPakFile: Registered encryption key '00000000000000000000000000000000': 0 pak files mounted, 0 remain pending
[2020.02.01-10.44.18:052][  0]LogPakFile: Registered encryption key '00000000000000000000000000000000': 0 pak files mounted, 0 remain pending
[2020.02.01-10.44.18:052][  0]LogPakFile: Registered encryption key '00000000000000000000000000000000': 0 pak files mounted, 0 remain pending
[2020.02.01-10.44.18:053][  0]LogPakFile: Registered encryption key '00000000000000000000000000000000': 0 pak files mounted, 0 remain pending
[2020.02.01-10.44.18:053][  0]LogPakFile: Registered encryption key '00000000000000000000000000000000': 0 pak files mounted, 0 remain pending
[2020.02.01-10.44.18:053][  0]LogPakFile: Registered encryption key '00000000000000000000000000000000': 0 pak files mounted, 0 remain pending
[2020.02.01-10.44.18:054][  0]LogPakFile: Registered encryption key '00000000000000000000000000000000': 0 pak files mounted, 0 remain pending
[2020.02.01-10.44.18:054][  0]LogPakFile: Registered encryption key '00000000000000000000000000000000': 0 pak files mounted, 0 remain pending
[2020.02.01-10.44.18:055][  0]LogPakFile: Registered encryption key '00000000000000000000000000000000': 0 pak files mounted, 0 remain pending
[2020.02.01-10.44.18:055][  0]LogPakFile: Registered encryption key '00000000000000000000000000000000': 0 pak files mounted, 0 remain pending
[2020.02.01-10.44.18:056][  0]LogPakFile: Registered encryption key '00000000000000000000000000000000': 0 pak files mounted, 0 remain pending
[2020.02.01-10.44.18:056][  0]LogPakFile: Registered encryption key '00000000000000000000000000000000': 0 pak files mounted, 0 remain pending
[2020.02.01-10.44.18:057][  0]LogPakFile: Registered encryption key '00000000000000000000000000000000': 0 pak files mounted, 0 remain pending
[2020.02.01-10.44.18:057][  0]LogPakFile: Registered encryption key '00000000000000000000000000000000': 0 pak files mounted, 0 remain pending
[2020.02.01-10.44.18:058][  0]LogPakFile: Registered encryption key '00000000000000000000000000000000': 0 pak files mounted, 0 remain pending
[2020.02.01-10.44.18:058][  0]LogPakFile: Registered encryption key '00000000000000000000000000000000': 0 pak files mounted, 0 remain pending
[2020.02.01-10.44.18:081][  0]LogContentBrowser: Native class hierarchy updated for 'AddContentDialog' in 0.0003 seconds. Added 0 classes and 0 folders.
[2020.02.01-10.44.18:086][  0]LogContentBrowser: Native class hierarchy updated for 'SceneOutliner' in 0.0003 seconds. Added 1 classes and 2 folders.
[2020.02.01-10.44.18:156][  0]LogSlate: Took 0.000131 seconds to synchronously load lazily loaded font '../../../Engine/Content/Slate/Fonts/Roboto-Regular.ttf' (155K)
[2020.02.01-10.44.18:158][  0]LogSlate: Took 0.000112 seconds to synchronously load lazily loaded font '../../../Engine/Content/Slate/Fonts/Roboto-Bold.ttf' (160K)
[2020.02.01-10.44.18:164][  0]LogSlate: Took 0.000139 seconds to synchronously load lazily loaded font '../../../Engine/Content/Editor/Slate/Fonts/FontAwesome.ttf' (139K)
[2020.02.01-10.44.18:286][  0]LogRenderer: Reallocating scene render targets to support 1140x632 Format 9 NumSamples 1 (Frame:1).
[2020.02.01-10.44.18:741][  0]LogContentBrowser: Native class hierarchy updated for 'HierarchicalLODOutliner' in 0.0003 seconds. Added 0 classes and 0 folders.
[2020.02.01-10.44.18:741][  0]LogLoad: (Engine Initialization) Total time: 10.02 seconds
[2020.02.01-10.44.18:742][  0]LogLoad: (Engine Initialization) Total Blueprint compile time: 0.00 seconds
[2020.02.01-10.44.18:784][  0]LogAssetRegistry: Asset discovery search completed in 6.2583 seconds
[2020.02.01-10.44.18:786][  0]LogCollectionManager: Rebuilt the object cache for 0 collections in 0.000000 seconds (found 0 objects)
[2020.02.01-10.44.18:786][  0]LogCollectionManager: Fixed up redirectors for 0 collections in 0.000053 seconds (updated 0 objects)
[2020.02.01-10.44.18:788][  0]LogContentStreaming: Texture pool size now 400 MB
[2020.02.01-10.44.18:815][  0]LogSlate: Took 0.000135 seconds to synchronously load lazily loaded font '../../../Engine/Content/Slate/Fonts/Roboto-Light.ttf' (167K)
[2020.02.01-10.44.21:612][ 43]LogSlate: FSceneViewport::OnFocusLost() reason 0
[2020.02.01-10.44.21:824][ 49]LogSlate: Took 0.000165 seconds to synchronously load lazily loaded font '../../../Engine/Content/Slate/Fonts/Roboto-Light.ttf' (167K)
[2020.02.01-10.44.21:861][ 49]LogAssetEditorManager: Opening Asset editor for DataTable /Game/SideScrollerBP/MainOffice/VisasData.VisasData
[2020.02.01-10.49.02:191][584]LogSavePackage: Moving '../../../../../../Users/marty_000/Desktop/beis-reip-team2/GameJam2020/Saved/VisasDataB11774DD41C6A336E34445A64B319D0B.tmp' to '../../../../../../Users/marty_000/Desktop/beis-reip-team2/GameJam2020/Content/SideScrollerBP/MainOffice/VisasData.uasset'
[2020.02.01-10.49.03:709][609]LogSlate: Window 'VisasData' being destroyed
[2020.02.01-10.49.03:774][609]LogSlate: Window 'VisasData' being destroyed
